<?xml version="1.0" encoding="UTF-8"?>
<testng-results ignored="0" total="2" passed="2" failed="0" skipped="0">
  <reporter-output>
    <line>
      <![CDATA[Successfully Home Page is loaded]]>
    </line>
  </reporter-output>
  <suite started-at="2023-04-28T16:28:36 IST" name="Command line suite" finished-at="2023-04-28T16:28:46 IST" duration-ms="9353">
    <groups>
    </groups>
    <test started-at="2023-04-28T16:28:36 IST" name="Command line test" finished-at="2023-04-28T16:28:46 IST" duration-ms="9353">
      <class name="uiscripts.BaseTest">
        <test-method signature="MainPage()[pri:0, instance:uiscripts.BaseTest@782859e]" started-at="2023-04-28T16:28:41 IST" name="MainPage" finished-at="2023-04-28T16:28:46 IST" duration-ms="4247" status="PASS">
          <reporter-output>
            <line>
              <![CDATA[Successfully Home Page is loaded]]>
            </line>
          </reporter-output>
        </test-method> <!-- MainPage -->
      </class> <!-- uiscripts.BaseTest -->
      <class name="org.example.AppTest">
        <test-method signature="shouldAnswerWithTrue()[pri:0, instance:org.example.AppTest@30f842ca]" started-at="2023-04-28T16:28:36 IST" name="shouldAnswerWithTrue" finished-at="2023-04-28T16:28:41 IST" duration-ms="5058" status="PASS">
          <reporter-output>
          </reporter-output>
        </test-method> <!-- shouldAnswerWithTrue -->
      </class> <!-- org.example.AppTest -->
    </test> <!-- Command line test -->
  </suite> <!-- Command line suite -->
</testng-results>
